2020-10-04 22:10:787 INFO  TestBase:46 - **************simpleStarted***************
2020-10-04 22:10:444 INFO  TestBase:64 - **************simpleFinished***************
2020-10-04 22:10:93 INFO  TestBase:46 - **************simpleStarted***************
2020-10-04 22:10:581 INFO  TestBase:64 - **************simpleFinished***************
2020-10-04 22:10:879 INFO  TestBase:46 - **************simpleStarted***************
2020-10-04 22:10:335 INFO  TestBase:64 - **************simpleFinished***************
2020-10-04 22:10:958 INFO  TestBase:46 - **************simpleStarted***************
2020-10-04 22:10:682 INFO  TestBase:64 - **************simpleFinished***************
2020-10-04 22:10:382 INFO  TestBase:46 - **************simple1Started***************
2020-10-04 22:10:393 INFO  TestBase:64 - **************simple1Finished***************
2020-10-04 22:10:589 INFO  TestBase:46 - **************simpleStarted***************
2020-10-04 22:10:506 INFO  TestBase:64 - **************simpleFinished***************
2020-10-04 22:10:223 INFO  TestBase:46 - **************simple1Started***************
2020-10-04 22:10:227 INFO  TestBase:64 - **************simple1Finished***************
2020-10-04 22:10:741 INFO  TestBase:46 - **************simpleFromBStarted***************
2020-10-04 22:10:693 INFO  TestBase:64 - **************simpleFromBFinished***************
2020-10-04 22:10:775 INFO  TestBase:46 - **************simpleFromBBStarted***************
2020-10-04 22:10:779 INFO  TestBase:64 - **************simpleFromBBFinished***************
2020-10-04 22:10:535 INFO  TestBase:47 - **************simpleStarted***************
2020-10-04 22:10:267 INFO  TestBase:65 - **************simpleFinished***************
2020-10-04 22:10:270 INFO  TestBase:47 - **************simple1Started***************
2020-10-04 22:10:276 INFO  TestBase:65 - **************simple1Finished***************
2020-10-04 22:10:689 INFO  TestBase:47 - **************simpleFromBStarted***************
2020-10-04 22:10:616 INFO  TestBase:65 - **************simpleFromBFinished***************
2020-10-04 22:10:618 INFO  TestBase:47 - **************simpleFromBBStarted***************
2020-10-04 22:10:620 INFO  TestBase:65 - **************simpleFromBBFinished***************
2020-10-04 22:10:358 INFO  TestBase:46 - **************simpleFromBStarted***************
2020-10-04 22:10:547 INFO  TestBase:64 - **************simpleFromBFinished***************
2020-10-04 22:10:549 INFO  TestBase:46 - **************simpleFromBBStarted***************
2020-10-04 22:10:554 INFO  TestBase:64 - **************simpleFromBBFinished***************
2020-10-04 22:10:633 INFO  TestBase:46 - **************simpleStarted***************
2020-10-04 22:10:538 INFO  TestBase:64 - **************simpleFinished***************
2020-10-04 22:10:541 INFO  TestBase:46 - **************simple1Started***************
2020-10-04 22:10:547 INFO  TestBase:64 - **************simple1Finished***************
2020-10-05 17:10:32 INFO  TestBase:46 - **************simpleFromBStarted***************
2020-10-05 17:10:687 INFO  TestBase:64 - **************simpleFromBFinished***************
2020-10-05 17:10:689 INFO  TestBase:46 - **************simpleFromBBStarted***************
2020-10-05 17:10:691 INFO  TestBase:64 - **************simpleFromBBFinished***************
2020-10-05 17:10:333 INFO  TestBase:46 - **************simpleStarted***************
2020-10-05 17:10:758 INFO  TestBase:64 - **************simpleFinished***************
2020-10-05 17:10:759 INFO  TestBase:46 - **************simple1Started***************
2020-10-05 17:10:760 INFO  TestBase:64 - **************simple1Finished***************
2020-10-07 20:10:343 INFO  PropertyFileHelper:20 - Initializing mentioned property file
2020-10-07 20:10:351 INFO  PropertyFileHelper:39 - Property file has been initialized
2020-10-07 20:10:468 INFO  PropertyFileHelper:50 - Getting value of key from property file
2020-10-07 20:10:468 INFO  PropertyFileHelper:52 - Value for provided key is  = https://demoqa.com/
2020-10-07 20:10:846 INFO  CommonMethods:100 - Navigating to required page...
2020-10-07 20:10:849 INFO  JavaScriptHelper:22 - JavaScriptHelper has been initialised
2020-10-07 20:10:20 INFO  CommonMethods:103 - Navigatition is sucessfull
2020-10-07 20:10:20 INFO  WebTablesObjectPage:47 - Navigating to WebTable page...
2020-10-07 20:10:276 INFO  WebTablesObjectPage:49 - Navigated to WebTable page
2020-10-07 20:10:314 INFO  TestBase:43 - **************verifyAllDetailsOfAddedUserStarted***************
2020-10-07 20:10:333 INFO  WebTablesObjectPage:85 - Serching string in serch box
2020-10-07 20:10:902 INFO  WaitHelper:31 - WaitHelper object created..
2020-10-07 20:10:11 INFO  WebTablesObjectPage:107 - given  records is not present
2020-10-07 20:10:11 INFO  WebTablesObjectPage:121 - Getting all details of required user...
2020-10-07 20:10:373 INFO  PropertyFileHelper:20 - Initializing mentioned property file
2020-10-07 20:10:377 INFO  PropertyFileHelper:39 - Property file has been initialized
2020-10-07 20:10:55 INFO  PropertyFileHelper:50 - Getting value of key from property file
2020-10-07 20:10:60 INFO  PropertyFileHelper:52 - Value for provided key is  = https://demoqa.com/
2020-10-07 20:10:711 INFO  CommonMethods:100 - Navigating to required page...
2020-10-07 20:10:713 INFO  JavaScriptHelper:22 - JavaScriptHelper has been initialised
2020-10-07 20:10:894 INFO  CommonMethods:103 - Navigatition is sucessfull
2020-10-07 20:10:894 INFO  WebTablesObjectPage:47 - Navigating to WebTable page...
2020-10-07 20:10:181 INFO  WebTablesObjectPage:49 - Navigated to WebTable page
2020-10-07 20:10:228 INFO  TestBase:43 - **************verifyNewUserCanBeAddedOnWebTablePageStarted***************
2020-10-07 20:10:271 INFO  WebTablesObjectPage:64 - Adding new user with provided details
2020-10-07 20:10:525 INFO  WaitHelper:31 - WaitHelper object created..
2020-10-07 20:10:554 INFO  WaitHelper:156 - waiting for :[[ChromeDriver: chrome on WINDOWS (d49c3b993a381347263542f82858e19f)] -> id: firstName] for :4 seconds
2020-10-07 20:10:818 INFO  WaitHelper:159 - element is visible now
2020-10-07 20:10:916 INFO  WebTablesObjectPage:75 - New user is added
2020-10-07 20:10:917 INFO  WaitHelper:31 - WaitHelper object created..
2020-10-07 20:10:166 INFO  WebTablesObjectPage:103 - given  records is present
2020-10-07 20:10:177 INFO  TestBase:60 - **************verifyNewUserCanBeAddedOnWebTablePageFinished***************
2020-10-07 20:10:182 INFO  TestBase:43 - **************verifyAllDetailsOfAddedUserStarted***************
2020-10-07 20:10:184 INFO  WebTablesObjectPage:85 - Serching string in serch box
2020-10-07 20:10:578 INFO  WaitHelper:31 - WaitHelper object created..
2020-10-07 20:10:629 INFO  WebTablesObjectPage:103 - given  records is present
2020-10-07 20:10:631 INFO  WebTablesObjectPage:121 - Getting all details of required user...
2020-10-07 20:10:680 INFO  WebTablesObjectPage:130 - All details of required user are returned 
2020-10-07 20:10:384 INFO  TestBase:60 - **************verifyAllDetailsOfAddedUserFinished***************
2020-10-07 20:10:387 INFO  TestBase:43 - **************verifyExistingUserDetailsCanBeEditedOnWebTablePageStarted***************
2020-10-07 20:10:399 INFO  WebTablesObjectPage:85 - Serching string in serch box
2020-10-07 20:10:725 INFO  WaitHelper:31 - WaitHelper object created..
2020-10-07 20:10:766 INFO  WebTablesObjectPage:103 - given  records is present
2020-10-07 20:10:768 INFO  WebTablesObjectPage:148 - Editing all fields of existing user...
2020-10-07 20:10:880 INFO  WaitHelper:31 - WaitHelper object created..
2020-10-07 20:10:910 INFO  WaitHelper:156 - waiting for :[[ChromeDriver: chrome on WINDOWS (d49c3b993a381347263542f82858e19f)] -> id: firstName] for :4 seconds
2020-10-07 20:10:86 INFO  WaitHelper:159 - element is visible now
2020-10-07 20:10:469 INFO  WebTablesObjectPage:165 - Fields of user edited successfully
2020-10-07 20:10:469 INFO  WaitHelper:31 - WaitHelper object created..
2020-10-07 21:10:273 INFO  PropertyFileHelper:20 - Initializing mentioned property file
2020-10-07 21:10:279 INFO  PropertyFileHelper:39 - Property file has been initialized
2020-10-07 21:10:420 INFO  PropertyFileHelper:50 - Getting value of key from property file
2020-10-07 21:10:425 INFO  PropertyFileHelper:52 - Value for provided key is  = https://demoqa.com/
2020-10-07 21:10:193 INFO  CommonMethods:100 - Navigating to required page...
2020-10-07 21:10:197 INFO  JavaScriptHelper:22 - JavaScriptHelper has been initialised
2020-10-07 21:10:343 INFO  CommonMethods:103 - Navigatition is sucessfull
2020-10-07 21:10:344 INFO  WebTablesObjectPage:47 - Navigating to WebTable page...
2020-10-07 21:10:591 INFO  WebTablesObjectPage:49 - Navigated to WebTable page
2020-10-07 21:10:730 INFO  TestBase:43 - **************verifyNewUserCanBeAddedOnWebTablePageStarted***************
2020-10-07 21:10:939 INFO  WebTablesObjectPage:64 - Adding new user with provided details
2020-10-07 21:10:617 INFO  WaitHelper:31 - WaitHelper object created..
2020-10-07 21:10:724 INFO  WaitHelper:156 - waiting for :[[ChromeDriver: chrome on WINDOWS (9e93a997cbb68937c748ed6e50fd285b)] -> id: firstName] for :4 seconds
2020-10-07 21:10:53 INFO  WaitHelper:159 - element is visible now
2020-10-07 21:10:957 INFO  WebTablesObjectPage:75 - New user is added
2020-10-07 21:10:303 INFO  WaitHelper:31 - WaitHelper object created..
2020-10-07 21:10:80 INFO  WebTablesObjectPage:103 - given  records is present
2020-10-07 21:10:29 INFO  TestBase:60 - **************verifyNewUserCanBeAddedOnWebTablePageFinished***************
2020-10-07 21:10:37 INFO  TestBase:43 - **************verifyAllDetailsOfAddedUserStarted***************
2020-10-07 21:10:508 INFO  WebTablesObjectPage:85 - Serching string in serch box
2020-10-07 21:10:731 INFO  WaitHelper:31 - WaitHelper object created..
2020-10-07 21:10:802 INFO  WebTablesObjectPage:103 - given  records is present
2020-10-07 21:10:803 INFO  WebTablesObjectPage:121 - Getting all details of required user...
2020-10-07 21:10:100 INFO  WebTablesObjectPage:130 - All details of required user are returned 
2020-10-07 21:10:101 INFO  TestBase:60 - **************verifyAllDetailsOfAddedUserFinished***************
2020-10-07 21:10:106 INFO  TestBase:43 - **************verifyExistingUserDetailsCanBeEditedOnWebTablePageStarted***************
2020-10-07 21:10:681 INFO  WebTablesObjectPage:85 - Serching string in serch box
2020-10-07 21:10:928 INFO  WaitHelper:31 - WaitHelper object created..
2020-10-07 21:10:281 INFO  WebTablesObjectPage:103 - given  records is present
2020-10-07 21:10:578 INFO  WebTablesObjectPage:148 - Editing all fields of existing user...
2020-10-07 21:10:713 INFO  WaitHelper:31 - WaitHelper object created..
2020-10-07 21:10:83 INFO  WaitHelper:156 - waiting for :[[ChromeDriver: chrome on WINDOWS (9e93a997cbb68937c748ed6e50fd285b)] -> id: firstName] for :4 seconds
2020-10-07 21:10:178 INFO  WaitHelper:159 - element is visible now
2020-10-07 21:10:962 INFO  WebTablesObjectPage:165 - Fields of user edited successfully
2020-10-07 21:10:438 INFO  WebTablesObjectPage:85 - Serching string in serch box
2020-10-07 21:10:467 INFO  WaitHelper:31 - WaitHelper object created..
2020-10-07 21:10:768 INFO  WebTablesObjectPage:103 - given  records is present
2020-10-07 21:10:743 INFO  TestBase:60 - **************verifyExistingUserDetailsCanBeEditedOnWebTablePageFinished***************
2020-10-07 21:10:746 INFO  TestBase:43 - **************verifyAllDetailsOfEditedUserStarted***************
2020-10-07 21:10:177 INFO  WebTablesObjectPage:85 - Serching string in serch box
2020-10-07 21:10:529 INFO  WebTablesObjectPage:121 - Getting all details of required user...
2020-10-07 21:10:802 INFO  WebTablesObjectPage:130 - All details of required user are returned 
2020-10-07 21:10:630 INFO  TestBase:60 - **************verifyAllDetailsOfEditedUserFinished***************
2020-10-07 21:10:636 INFO  TestBase:43 - **************verifyExistingUserCanBeDeletedOnWebTablePageStarted***************
2020-10-07 21:10:644 INFO  WebTablesObjectPage:174 - Deleting existing user...
2020-10-07 21:10:645 INFO  WebTablesObjectPage:85 - Serching string in serch box
2020-10-07 21:10:254 INFO  WebTablesObjectPage:177 - Existing user is deleted
2020-10-07 21:10:850 INFO  WebTablesObjectPage:85 - Serching string in serch box
2020-10-07 21:10:805 INFO  WaitHelper:31 - WaitHelper object created..
2020-10-07 21:10:772 INFO  PropertyFileHelper:20 - Initializing mentioned property file
2020-10-07 21:10:776 INFO  PropertyFileHelper:39 - Property file has been initialized
2020-10-07 21:10:592 INFO  PropertyFileHelper:50 - Getting value of key from property file
2020-10-07 21:10:593 INFO  PropertyFileHelper:52 - Value for provided key is  = https://demoqa.com/
2020-10-07 21:10:133 INFO  CommonMethods:100 - Navigating to required page...
2020-10-07 21:10:137 INFO  JavaScriptHelper:22 - JavaScriptHelper has been initialised
2020-10-07 21:10:307 INFO  CommonMethods:103 - Navigatition is sucessfull
2020-10-07 21:10:308 INFO  WebTablesObjectPage:47 - Navigating to WebTable page...
2020-10-07 21:10:538 INFO  WebTablesObjectPage:49 - Navigated to WebTable page
2020-10-07 21:10:588 INFO  TestBase:43 - **************verifyNewUserCanBeAddedOnWebTablePageStarted***************
2020-10-07 21:10:613 INFO  WebTablesObjectPage:64 - Adding new user with provided details
2020-10-07 21:10:784 INFO  WaitHelper:31 - WaitHelper object created..
2020-10-07 21:10:880 INFO  WaitHelper:156 - waiting for :[[ChromeDriver: chrome on WINDOWS (9ec6ac9cd08f1a600f026281cee142cf)] -> id: firstName] for :4 seconds
2020-10-07 21:10:128 INFO  WaitHelper:159 - element is visible now
2020-10-07 21:10:239 INFO  WebTablesObjectPage:75 - New user is added
2020-10-07 21:10:240 INFO  WebTablesObjectPage:85 - Serching string in serch box
2020-10-07 21:10:793 INFO  WaitHelper:31 - WaitHelper object created..
2020-10-07 21:10:832 INFO  WaitHelper:156 - waiting for :[[[[ChromeDriver: chrome on WINDOWS (9ec6ac9cd08f1a600f026281cee142cf)] -> xpath: //*[@class='rt-table']//*[contains(@class,'rt-tr -')]]] -> xpath: //div[contains(text(),'GBjI@kvfz.com')]] for :5 seconds
2020-10-07 21:10:861 INFO  WaitHelper:159 - element is visible now
2020-10-07 21:10:861 INFO  WebTablesObjectPage:103 - given  records is present
2020-10-07 21:10:868 INFO  TestBase:60 - **************verifyNewUserCanBeAddedOnWebTablePageFinished***************
2020-10-07 21:10:874 INFO  TestBase:43 - **************verifyAllDetailsOfAddedUserStarted***************
2020-10-07 21:10:876 INFO  WebTablesObjectPage:85 - Serching string in serch box
2020-10-07 21:10:176 INFO  WebTablesObjectPage:121 - Getting all details of required user...
2020-10-07 21:10:55 INFO  WebTablesObjectPage:130 - All details of required user are returned 
2020-10-07 21:10:688 INFO  TestBase:60 - **************verifyAllDetailsOfAddedUserFinished***************
2020-10-07 21:10:692 INFO  TestBase:43 - **************verifyExistingUserDetailsCanBeEditedOnWebTablePageStarted***************
2020-10-07 21:10:693 INFO  WebTablesObjectPage:85 - Serching string in serch box
2020-10-07 21:10:73 INFO  WebTablesObjectPage:148 - Editing all fields of existing user...
2020-10-07 21:10:186 INFO  WaitHelper:31 - WaitHelper object created..
2020-10-07 21:10:217 INFO  WaitHelper:156 - waiting for :[[ChromeDriver: chrome on WINDOWS (9ec6ac9cd08f1a600f026281cee142cf)] -> id: firstName] for :4 seconds
2020-10-07 21:10:336 INFO  WaitHelper:159 - element is visible now
2020-10-07 21:10:778 INFO  WebTablesObjectPage:165 - Fields of user edited successfully
2020-10-07 21:10:782 INFO  WebTablesObjectPage:85 - Serching string in serch box
2020-10-07 21:10:219 INFO  WaitHelper:31 - WaitHelper object created..
2020-10-07 21:10:249 INFO  WaitHelper:156 - waiting for :[[[[ChromeDriver: chrome on WINDOWS (9ec6ac9cd08f1a600f026281cee142cf)] -> xpath: //*[@class='rt-table']//*[contains(@class,'rt-tr -')]]] -> xpath: //div[contains(text(),'CBTL@QFQt.com')]] for :5 seconds
2020-10-07 21:10:268 INFO  WaitHelper:159 - element is visible now
2020-10-07 21:10:269 INFO  WebTablesObjectPage:103 - given  records is present
2020-10-07 21:10:273 INFO  TestBase:60 - **************verifyExistingUserDetailsCanBeEditedOnWebTablePageFinished***************
2020-10-07 21:10:274 INFO  TestBase:43 - **************verifyAllDetailsOfEditedUserStarted***************
2020-10-07 21:10:276 INFO  WebTablesObjectPage:85 - Serching string in serch box
2020-10-07 21:10:688 INFO  WebTablesObjectPage:121 - Getting all details of required user...
2020-10-07 21:10:647 INFO  WebTablesObjectPage:130 - All details of required user are returned 
2020-10-07 21:10:375 INFO  TestBase:60 - **************verifyAllDetailsOfEditedUserFinished***************
2020-10-07 21:10:377 INFO  TestBase:43 - **************verifyExistingUserCanBeDeletedOnWebTablePageStarted***************
2020-10-07 21:10:384 INFO  WebTablesObjectPage:174 - Deleting existing user...
2020-10-07 21:10:384 INFO  WebTablesObjectPage:85 - Serching string in serch box
2020-10-07 21:10:875 INFO  WebTablesObjectPage:177 - Existing user is deleted
2020-10-07 21:10:877 INFO  WebTablesObjectPage:85 - Serching string in serch box
2020-10-07 21:10:149 INFO  WaitHelper:31 - WaitHelper object created..
2020-10-07 21:10:80 INFO  PropertyFileHelper:20 - Initializing mentioned property file
2020-10-07 21:10:88 INFO  PropertyFileHelper:39 - Property file has been initialized
2020-10-07 21:10:716 INFO  PropertyFileHelper:50 - Getting value of key from property file
2020-10-07 21:10:736 INFO  PropertyFileHelper:52 - Value for provided key is  = https://demoqa.com/
2020-10-07 21:10:574 INFO  CommonMethods:100 - Navigating to required page...
2020-10-07 21:10:578 INFO  JavaScriptHelper:22 - JavaScriptHelper has been initialised
2020-10-07 21:10:787 INFO  CommonMethods:103 - Navigatition is sucessfull
2020-10-07 21:10:788 INFO  WebTablesObjectPage:50 - Navigating to WebTable page...
2020-10-07 21:10:154 INFO  WebTablesObjectPage:52 - Navigated to WebTable page
2020-10-07 21:10:204 INFO  TestBase:43 - **************verifyNewUserCanBeAddedOnWebTablePageStarted***************
2020-10-07 21:10:230 INFO  WebTablesObjectPage:67 - Adding new user with provided details
2020-10-07 21:10:530 INFO  WaitHelper:31 - WaitHelper object created..
2020-10-07 21:10:568 INFO  WaitHelper:156 - waiting for :[[ChromeDriver: chrome on WINDOWS (de5ca8bd44d7df2eecaa3477eed20029)] -> id: firstName] for :4 seconds
2020-10-07 21:10:877 INFO  WaitHelper:159 - element is visible now
2020-10-07 21:10:219 INFO  WebTablesObjectPage:78 - New user is added
2020-10-07 21:10:219 INFO  WebTablesObjectPage:88 - Serching string in serch box
2020-10-07 21:10:833 INFO  WaitHelper:31 - WaitHelper object created..
2020-10-07 21:10:964 INFO  WebTablesObjectPage:108 - given  records is present
2020-10-07 21:10:978 INFO  TestBase:60 - **************verifyNewUserCanBeAddedOnWebTablePageFinished***************
2020-10-07 21:10:983 INFO  TestBase:43 - **************verifyAllDetailsOfAddedUserStarted***************
2020-10-07 21:10:986 INFO  WebTablesObjectPage:88 - Serching string in serch box
2020-10-07 21:10:382 INFO  WebTablesObjectPage:135 - Getting all details of required user...
2020-10-07 21:10:289 INFO  WebTablesObjectPage:146 - All details of required user are returned 
2020-10-07 21:10:926 INFO  TestBase:60 - **************verifyAllDetailsOfAddedUserFinished***************
2020-10-07 21:10:936 INFO  TestBase:43 - **************verifyExistingUserDetailsCanBeEditedOnWebTablePageStarted***************
2020-10-07 21:10:943 INFO  WebTablesObjectPage:88 - Serching string in serch box
2020-10-07 21:10:364 INFO  WebTablesObjectPage:164 - Editing all fields of existing user...
2020-10-07 21:10:518 INFO  WaitHelper:31 - WaitHelper object created..
2020-10-07 21:10:594 INFO  WaitHelper:156 - waiting for :[[ChromeDriver: chrome on WINDOWS (de5ca8bd44d7df2eecaa3477eed20029)] -> id: firstName] for :4 seconds
2020-10-07 21:10:701 INFO  WaitHelper:159 - element is visible now
2020-10-07 21:10:444 INFO  WebTablesObjectPage:181 - Fields of user edited successfully
2020-10-07 21:10:447 INFO  WebTablesObjectPage:88 - Serching string in serch box
2020-10-07 21:10:12 INFO  WaitHelper:31 - WaitHelper object created..
2020-10-07 21:10:77 INFO  WebTablesObjectPage:108 - given  records is present
2020-10-07 21:10:80 INFO  TestBase:60 - **************verifyExistingUserDetailsCanBeEditedOnWebTablePageFinished***************
2020-10-07 21:10:82 INFO  TestBase:43 - **************verifyAllDetailsOfEditedUserStarted***************
2020-10-07 21:10:84 INFO  WebTablesObjectPage:88 - Serching string in serch box
2020-10-07 21:10:451 INFO  WebTablesObjectPage:135 - Getting all details of required user...
2020-10-07 21:10:272 INFO  WebTablesObjectPage:146 - All details of required user are returned 
2020-10-07 21:10:844 INFO  TestBase:60 - **************verifyAllDetailsOfEditedUserFinished***************
2020-10-07 21:10:846 INFO  TestBase:43 - **************verifyExistingUserCanBeDeletedOnWebTablePageStarted***************
2020-10-07 21:10:848 INFO  WebTablesObjectPage:190 - Deleting existing user...
2020-10-07 21:10:849 INFO  WebTablesObjectPage:88 - Serching string in serch box
2020-10-07 21:10:350 INFO  WebTablesObjectPage:193 - Existing user is deleted
2020-10-07 21:10:350 INFO  WebTablesObjectPage:88 - Serching string in serch box
2020-10-07 21:10:801 INFO  WaitHelper:31 - WaitHelper object created..
2020-10-07 21:10:510 INFO  PropertyFileHelper:20 - Initializing mentioned property file
2020-10-07 21:10:517 INFO  PropertyFileHelper:39 - Property file has been initialized
2020-10-07 21:10:774 INFO  PropertyFileHelper:50 - Getting value of key from property file
2020-10-07 21:10:778 INFO  PropertyFileHelper:52 - Value for provided key is  = https://demoqa.com/
2020-10-07 21:10:888 INFO  WebTablesObjectPage:112 - given  records is not present
2020-10-07 21:10:906 INFO  TestBase:60 - **************verifyExistingUserCanBeDeletedOnWebTablePageFinished***************
2020-10-07 21:10:559 INFO  CommonMethods:100 - Navigating to required page...
2020-10-07 21:10:563 INFO  JavaScriptHelper:22 - JavaScriptHelper has been initialised
2020-10-07 21:10:51 INFO  CommonMethods:103 - Navigatition is sucessfull
2020-10-07 21:10:51 INFO  WebTablesObjectPage:50 - Navigating to WebTable page...
2020-10-07 21:10:578 INFO  WebTablesObjectPage:52 - Navigated to WebTable page
2020-10-07 21:10:633 INFO  TestBase:43 - **************verifyNewUserCanBeAddedOnWebTablePageStarted***************
2020-10-07 21:10:547 INFO  WebTablesObjectPage:67 - Adding new user with provided details
2020-10-07 21:10:944 INFO  WaitHelper:31 - WaitHelper object created..
2020-10-07 21:10:21 INFO  WaitHelper:156 - waiting for :[[ChromeDriver: chrome on WINDOWS (655f31af88cd3bf95ff186f31084b4c4)] -> id: firstName] for :4 seconds
2020-10-07 21:10:217 INFO  WaitHelper:159 - element is visible now
2020-10-07 21:10:655 INFO  WebTablesObjectPage:78 - New user is added
2020-10-07 21:10:585 INFO  WebTablesObjectPage:88 - Serching string in serch box
2020-10-07 21:10:276 INFO  WebTablesObjectPage:108 - given  records is present
2020-10-07 21:10:286 INFO  TestBase:60 - **************verifyNewUserCanBeAddedOnWebTablePageFinished***************
2020-10-07 21:10:292 INFO  TestBase:43 - **************verifyAllDetailsOfAddedUserStarted***************
2020-10-07 21:10:87 INFO  WebTablesObjectPage:88 - Serching string in serch box
2020-10-07 21:10:46 INFO  WebTablesObjectPage:135 - Getting all details of required user...
2020-10-07 21:10:858 INFO  WebTablesObjectPage:146 - All details of required user are returned 
2020-10-07 21:10:868 INFO  TestBase:60 - **************verifyAllDetailsOfAddedUserFinished***************
2020-10-07 21:10:873 INFO  TestBase:43 - **************verifyExistingUserDetailsCanBeEditedOnWebTablePageStarted***************
2020-10-07 21:10:400 INFO  WebTablesObjectPage:88 - Serching string in serch box
2020-10-07 21:10:964 INFO  WebTablesObjectPage:164 - Editing all fields of existing user...
2020-10-07 21:10:98 INFO  WaitHelper:31 - WaitHelper object created..
2020-10-07 21:10:156 INFO  WaitHelper:156 - waiting for :[[ChromeDriver: chrome on WINDOWS (655f31af88cd3bf95ff186f31084b4c4)] -> id: firstName] for :4 seconds
2020-10-07 21:10:341 INFO  WaitHelper:159 - element is visible now
2020-10-07 21:10:92 INFO  WebTablesObjectPage:181 - Fields of user edited successfully
2020-10-07 21:10:93 INFO  WebTablesObjectPage:88 - Serching string in serch box
2020-10-07 21:10:691 INFO  WebTablesObjectPage:108 - given  records is present
2020-10-07 21:10:694 INFO  TestBase:60 - **************verifyExistingUserDetailsCanBeEditedOnWebTablePageFinished***************
2020-10-07 21:10:696 INFO  TestBase:43 - **************verifyAllDetailsOfEditedUserStarted***************
2020-10-07 21:10:865 INFO  WebTablesObjectPage:88 - Serching string in serch box
2020-10-07 21:10:302 INFO  WebTablesObjectPage:135 - Getting all details of required user...
2020-10-07 21:10:426 INFO  WebTablesObjectPage:146 - All details of required user are returned 
2020-10-07 21:10:132 INFO  TestBase:60 - **************verifyAllDetailsOfEditedUserFinished***************
2020-10-07 21:10:134 INFO  TestBase:43 - **************verifyExistingUserCanBeDeletedOnWebTablePageStarted***************
2020-10-07 21:10:138 INFO  WebTablesObjectPage:190 - Deleting existing user...
2020-10-07 21:10:138 INFO  WebTablesObjectPage:88 - Serching string in serch box
2020-10-07 21:10:765 INFO  WebTablesObjectPage:193 - Existing user is deleted
2020-10-07 21:10:983 INFO  WebTablesObjectPage:88 - Serching string in serch box
2020-10-07 21:10:864 INFO  WebTablesObjectPage:107 - given  records is not present
2020-10-07 21:10:873 INFO  TestBase:60 - **************verifyExistingUserCanBeDeletedOnWebTablePageFinished***************
2020-10-07 21:10:753 INFO  PropertyFileHelper:20 - Initializing mentioned property file
2020-10-07 21:10:757 INFO  PropertyFileHelper:39 - Property file has been initialized
2020-10-07 21:10:221 INFO  PropertyFileHelper:50 - Getting value of key from property file
2020-10-07 21:10:222 INFO  PropertyFileHelper:52 - Value for provided key is  = https://demoqa.com/
2020-10-07 21:10:421 INFO  CommonMethods:100 - Navigating to required page...
2020-10-07 21:10:426 INFO  JavaScriptHelper:22 - JavaScriptHelper has been initialised
2020-10-07 21:10:617 INFO  CommonMethods:103 - Navigatition is sucessfull
2020-10-07 21:10:618 INFO  WebTablesObjectPage:50 - Navigating to WebTable page...
2020-10-07 21:10:844 INFO  WebTablesObjectPage:52 - Navigated to WebTable page
2020-10-07 21:10:916 INFO  TestBase:43 - **************verifyNewUserCanBeAddedOnWebTablePageStarted***************
2020-10-07 21:10:935 INFO  WebTablesObjectPage:67 - Adding new user with provided details
2020-10-07 21:10:171 INFO  WaitHelper:31 - WaitHelper object created..
2020-10-07 21:10:216 INFO  WaitHelper:156 - waiting for :[[ChromeDriver: chrome on WINDOWS (a9e6b76e1b2093bd8dfbc98a6a852d85)] -> id: firstName] for :4 seconds
2020-10-07 21:10:505 INFO  WaitHelper:159 - element is visible now
2020-10-07 21:10:641 INFO  WebTablesObjectPage:78 - New user is added
2020-10-07 21:10:644 INFO  WebTablesObjectPage:88 - Serching string in serch box
2020-10-07 21:10:146 INFO  WebTablesObjectPage:108 - given  records is present
2020-10-07 21:10:156 INFO  TestBase:60 - **************verifyNewUserCanBeAddedOnWebTablePageFinished***************
2020-10-07 21:10:162 INFO  TestBase:43 - **************verifyAllDetailsOfAddedUserStarted***************
2020-10-07 21:10:165 INFO  WebTablesObjectPage:88 - Serching string in serch box
2020-10-07 21:10:452 INFO  WebTablesObjectPage:135 - Getting all details of required user...
2020-10-07 21:10:841 INFO  PropertyFileHelper:20 - Initializing mentioned property file
2020-10-07 21:10:849 INFO  PropertyFileHelper:39 - Property file has been initialized
2020-10-07 21:10:295 INFO  PropertyFileHelper:50 - Getting value of key from property file
2020-10-07 21:10:296 INFO  PropertyFileHelper:52 - Value for provided key is  = https://demoqa.com/
2020-10-07 21:10:29 INFO  CommonMethods:100 - Navigating to required page...
2020-10-07 21:10:33 INFO  JavaScriptHelper:22 - JavaScriptHelper has been initialised
2020-10-07 21:10:244 INFO  CommonMethods:103 - Navigatition is sucessfull
2020-10-07 21:10:244 INFO  WebTablesObjectPage:50 - Navigating to WebTable page...
2020-10-07 21:10:510 INFO  WebTablesObjectPage:52 - Navigated to WebTable page
2020-10-07 21:10:563 INFO  TestBase:43 - **************verifyNewUserCanBeAddedOnWebTablePageStarted***************
2020-10-07 21:10:580 INFO  WebTablesObjectPage:67 - Adding new user with provided details
2020-10-07 21:10:814 INFO  WaitHelper:31 - WaitHelper object created..
2020-10-07 21:10:912 INFO  WaitHelper:156 - waiting for :[[ChromeDriver: chrome on WINDOWS (2de258217071cc7b1bb404270d9676d8)] -> id: firstName] for :4 seconds
2020-10-07 21:10:87 INFO  WaitHelper:159 - element is visible now
2020-10-07 21:10:215 INFO  WebTablesObjectPage:78 - New user is added
2020-10-07 21:10:215 INFO  WebTablesObjectPage:88 - Serching string in serch box
2020-10-07 21:10:808 INFO  WebTablesObjectPage:108 - given  records is present
2020-10-07 21:10:817 INFO  TestBase:60 - **************verifyNewUserCanBeAddedOnWebTablePageFinished***************
2020-10-07 21:10:823 INFO  TestBase:43 - **************verifyAllDetailsOfAddedUserStarted***************
2020-10-07 21:10:826 INFO  WebTablesObjectPage:88 - Serching string in serch box
2020-10-07 21:10:167 INFO  WebTablesObjectPage:135 - Getting all details of required user...
2020-10-07 21:10:521 INFO  PropertyFileHelper:20 - Initializing mentioned property file
2020-10-07 21:10:525 INFO  PropertyFileHelper:39 - Property file has been initialized
2020-10-07 21:10:445 INFO  PropertyFileHelper:50 - Getting value of key from property file
2020-10-07 21:10:446 INFO  PropertyFileHelper:52 - Value for provided key is  = https://demoqa.com/
2020-10-07 21:10:894 INFO  CommonMethods:100 - Navigating to required page...
2020-10-07 21:10:897 INFO  JavaScriptHelper:22 - JavaScriptHelper has been initialised
2020-10-07 21:10:117 INFO  CommonMethods:103 - Navigatition is sucessfull
2020-10-07 21:10:118 INFO  WebTablesObjectPage:50 - Navigating to WebTable page...
2020-10-07 21:10:359 INFO  WebTablesObjectPage:52 - Navigated to WebTable page
2020-10-07 21:10:414 INFO  TestBase:43 - **************verifyNewUserCanBeAddedOnWebTablePageStarted***************
2020-10-07 21:10:433 INFO  WebTablesObjectPage:67 - Adding new user with provided details
2020-10-07 21:10:673 INFO  WaitHelper:31 - WaitHelper object created..
2020-10-07 21:10:703 INFO  WaitHelper:156 - waiting for :[[ChromeDriver: chrome on WINDOWS (512132637502dd02a902e6556ed01f70)] -> id: firstName] for :4 seconds
2020-10-07 21:10:895 INFO  WaitHelper:159 - element is visible now
2020-10-07 21:10:35 INFO  WebTablesObjectPage:78 - New user is added
2020-10-07 21:10:36 INFO  WebTablesObjectPage:88 - Serching string in serch box
2020-10-07 21:10:664 INFO  WebTablesObjectPage:108 - given  records is present
2020-10-07 21:10:675 INFO  TestBase:60 - **************verifyNewUserCanBeAddedOnWebTablePageFinished***************
2020-10-07 21:10:681 INFO  TestBase:43 - **************verifyExistingUserDetailsCanBeEditedOnWebTablePageStarted***************
2020-10-07 21:10:683 INFO  WebTablesObjectPage:88 - Serching string in serch box
2020-10-07 21:10:101 INFO  WebTablesObjectPage:163 - Editing all fields of existing user...
2020-10-07 21:10:435 INFO  WaitHelper:31 - WaitHelper object created..
2020-10-07 21:10:485 INFO  WaitHelper:156 - waiting for :[[ChromeDriver: chrome on WINDOWS (512132637502dd02a902e6556ed01f70)] -> id: firstName] for :4 seconds
2020-10-07 21:10:524 INFO  WaitHelper:159 - element is visible now
2020-10-07 21:10:263 INFO  WebTablesObjectPage:180 - Fields of user edited successfully
2020-10-07 21:10:265 INFO  WebTablesObjectPage:88 - Serching string in serch box
2020-10-07 21:10:733 INFO  WebTablesObjectPage:108 - given  records is present
2020-10-07 21:10:736 INFO  TestBase:60 - **************verifyExistingUserDetailsCanBeEditedOnWebTablePageFinished***************
2020-10-07 21:10:739 INFO  TestBase:43 - **************verifyExistingUserCanBeDeletedOnWebTablePageStarted***************
2020-10-07 21:10:742 INFO  WebTablesObjectPage:189 - Deleting existing user...
2020-10-07 21:10:743 INFO  WebTablesObjectPage:88 - Serching string in serch box
2020-10-07 21:10:165 INFO  WebTablesObjectPage:192 - Existing user is deleted
2020-10-07 21:10:166 INFO  WebTablesObjectPage:88 - Serching string in serch box
2020-10-07 22:10:530 INFO  PropertyFileHelper:20 - Initializing mentioned property file
2020-10-07 22:10:539 INFO  PropertyFileHelper:39 - Property file has been initialized
2020-10-07 22:10:162 INFO  TestBase:43 - **************simpleFromBStarted***************
2020-10-07 22:10:556 INFO  TestBase:60 - **************simpleFromBFinished***************
2020-10-07 22:10:558 INFO  TestBase:43 - **************simpleFromBBStarted***************
2020-10-07 22:10:561 INFO  TestBase:60 - **************simpleFromBBFinished***************
2020-10-07 22:10:694 INFO  TestBase:43 - **************simpleStarted***************
2020-10-07 22:10:322 INFO  TestBase:60 - **************simpleFinished***************
2020-10-07 22:10:324 INFO  TestBase:43 - **************simple1Started***************
2020-10-07 22:10:327 INFO  TestBase:60 - **************simple1Finished***************
2020-10-07 22:10:42 INFO  PropertyFileHelper:50 - Getting value of key from property file
2020-10-07 22:10:42 INFO  PropertyFileHelper:52 - Value for provided key is  = https://demoqa.com/
2020-10-07 22:10:37 INFO  WebTablesObjectPage:112 - given  records is not present
2020-10-07 22:10:97 INFO  TestBase:60 - **************verifyExistingUserCanBeDeletedOnWebTablePageFinished***************
2020-10-07 22:10:930 INFO  PropertyFileHelper:20 - Initializing mentioned property file
2020-10-07 22:10:935 INFO  PropertyFileHelper:39 - Property file has been initialized
2020-10-07 22:10:351 INFO  PropertyFileHelper:50 - Getting value of key from property file
2020-10-07 22:10:355 INFO  PropertyFileHelper:52 - Value for provided key is  = https://demoqa.com/
2020-10-07 22:10:610 INFO  CommonMethods:100 - Navigating to required page...
2020-10-07 22:10:613 INFO  JavaScriptHelper:22 - JavaScriptHelper has been initialised
2020-10-07 22:10:796 INFO  CommonMethods:103 - Navigatition is sucessfull
2020-10-07 22:10:798 INFO  WebTablesObjectPage:50 - Navigating to WebTable page...
2020-10-07 22:10:54 INFO  WebTablesObjectPage:52 - Navigated to WebTable page
2020-10-07 22:10:99 INFO  TestBase:43 - **************verifyNewUserCanBeAddedOnWebTablePageStarted***************
2020-10-07 22:10:115 INFO  WebTablesObjectPage:67 - Adding new user with provided details
2020-10-07 22:10:319 INFO  WaitHelper:31 - WaitHelper object created..
2020-10-07 22:10:369 INFO  WaitHelper:156 - waiting for :[[ChromeDriver: chrome on WINDOWS (24b8243d8d4b8d38050e2f009646963f)] -> id: firstName] for :4 seconds
2020-10-07 22:10:555 INFO  WaitHelper:159 - element is visible now
2020-10-07 22:10:607 INFO  WebTablesObjectPage:78 - New user is added
2020-10-07 22:10:608 INFO  WebTablesObjectPage:88 - Serching string in serch box
2020-10-07 22:10:100 INFO  WebTablesObjectPage:108 - given  records is present
2020-10-07 22:10:107 INFO  TestBase:60 - **************verifyNewUserCanBeAddedOnWebTablePageFinished***************
2020-10-07 22:10:111 INFO  TestBase:43 - **************verifyExistingUserDetailsCanBeEditedOnWebTablePageStarted***************
2020-10-07 22:10:114 INFO  WebTablesObjectPage:88 - Serching string in serch box
2020-10-07 22:10:455 INFO  WebTablesObjectPage:163 - Editing all fields of existing user...
2020-10-07 22:10:619 INFO  WaitHelper:31 - WaitHelper object created..
2020-10-07 22:10:665 INFO  WaitHelper:156 - waiting for :[[ChromeDriver: chrome on WINDOWS (24b8243d8d4b8d38050e2f009646963f)] -> id: firstName] for :4 seconds
2020-10-07 22:10:703 INFO  WaitHelper:159 - element is visible now
2020-10-07 22:10:45 INFO  WebTablesObjectPage:180 - Fields of user edited successfully
2020-10-07 22:10:46 INFO  WebTablesObjectPage:88 - Serching string in serch box
2020-10-07 22:10:502 INFO  WebTablesObjectPage:108 - given  records is present
2020-10-07 22:10:504 INFO  TestBase:60 - **************verifyExistingUserDetailsCanBeEditedOnWebTablePageFinished***************
2020-10-07 22:10:506 INFO  TestBase:43 - **************verifyExistingUserCanBeDeletedOnWebTablePageStarted***************
2020-10-07 22:10:508 INFO  WebTablesObjectPage:189 - Deleting existing user...
2020-10-07 22:10:509 INFO  WebTablesObjectPage:88 - Serching string in serch box
2020-10-07 22:10:959 INFO  WebTablesObjectPage:192 - Existing user is deleted
2020-10-07 22:10:959 INFO  WebTablesObjectPage:88 - Serching string in serch box
2020-10-07 22:10:374 INFO  WebTablesObjectPage:112 - given  records is not present
2020-10-07 22:10:382 INFO  TestBase:60 - **************verifyExistingUserCanBeDeletedOnWebTablePageFinished***************
2020-10-07 22:10:739 INFO  PropertyFileHelper:20 - Initializing mentioned property file
2020-10-07 22:10:742 INFO  PropertyFileHelper:39 - Property file has been initialized
2020-10-07 22:10:292 INFO  PropertyFileHelper:50 - Getting value of key from property file
2020-10-07 22:10:300 INFO  PropertyFileHelper:52 - Value for provided key is  = https://demoqa.com/
2020-10-07 22:10:168 INFO  CommonMethods:100 - Navigating to required page...
2020-10-07 22:10:171 INFO  JavaScriptHelper:22 - JavaScriptHelper has been initialised
2020-10-07 22:10:290 INFO  CommonMethods:103 - Navigatition is sucessfull
2020-10-07 22:10:290 INFO  WebTablesObjectPage:50 - Navigating to WebTable page...
2020-10-07 22:10:457 INFO  WebTablesObjectPage:52 - Navigated to WebTable page
2020-10-07 22:10:487 INFO  TestBase:43 - **************verifyNewUserCanBeAddedOnWebTablePageStarted***************
2020-10-07 22:10:496 INFO  WebTablesObjectPage:67 - Adding new user with provided details
2020-10-07 22:10:643 INFO  WaitHelper:31 - WaitHelper object created..
2020-10-07 22:10:689 INFO  WaitHelper:156 - waiting for :[[ChromeDriver: chrome on WINDOWS (81a7f54aec05cdfdfbfe15048f4de347)] -> id: firstName] for :4 seconds
2020-10-07 22:10:828 INFO  WaitHelper:159 - element is visible now
2020-10-07 22:10:541 INFO  WebTablesObjectPage:78 - New user is added
2020-10-07 22:10:541 INFO  WebTablesObjectPage:88 - Serching string in serch box
2020-10-07 22:10:955 INFO  WebTablesObjectPage:108 - given  records is present
2020-10-07 22:10:960 INFO  TestBase:60 - **************verifyNewUserCanBeAddedOnWebTablePageFinished***************
2020-10-07 22:10:964 INFO  TestBase:43 - **************verifyExistingUserDetailsCanBeEditedOnWebTablePageStarted***************
2020-10-07 22:10:965 INFO  WebTablesObjectPage:88 - Serching string in serch box
2020-10-07 22:10:193 INFO  WebTablesObjectPage:163 - Editing all fields of existing user...
2020-10-07 22:10:258 INFO  WaitHelper:31 - WaitHelper object created..
2020-10-07 22:10:281 INFO  WaitHelper:156 - waiting for :[[ChromeDriver: chrome on WINDOWS (81a7f54aec05cdfdfbfe15048f4de347)] -> id: firstName] for :4 seconds
2020-10-07 22:10:309 INFO  WaitHelper:159 - element is visible now
2020-10-07 22:10:187 INFO  WebTablesObjectPage:180 - Fields of user edited successfully
2020-10-07 22:10:188 INFO  WebTablesObjectPage:88 - Serching string in serch box
2020-10-07 22:10:479 INFO  WebTablesObjectPage:108 - given  records is present
2020-10-07 22:10:481 INFO  TestBase:60 - **************verifyExistingUserDetailsCanBeEditedOnWebTablePageFinished***************
2020-10-07 22:10:483 INFO  TestBase:43 - **************verifyExistingUserCanBeDeletedOnWebTablePageStarted***************
2020-10-07 22:10:484 INFO  WebTablesObjectPage:189 - Deleting existing user...
2020-10-07 22:10:485 INFO  WebTablesObjectPage:88 - Serching string in serch box
2020-10-07 22:10:715 INFO  WebTablesObjectPage:192 - Existing user is deleted
2020-10-07 22:10:716 INFO  WebTablesObjectPage:88 - Serching string in serch box
2020-10-07 22:10:961 INFO  WebTablesObjectPage:112 - given  records is not present
2020-10-07 22:10:963 INFO  TestBase:60 - **************verifyExistingUserCanBeDeletedOnWebTablePageFinished***************
2020-10-07 22:10:357 INFO  PropertyFileHelper:20 - Initializing mentioned property file
2020-10-07 22:10:361 INFO  PropertyFileHelper:39 - Property file has been initialized
2020-10-07 22:10:744 INFO  PropertyFileHelper:50 - Getting value of key from property file
2020-10-07 22:10:749 INFO  PropertyFileHelper:52 - Value for provided key is  = https://demoqa.com/
2020-10-07 22:10:441 INFO  CommonMethods:100 - Navigating to required page...
2020-10-07 22:10:444 INFO  JavaScriptHelper:22 - JavaScriptHelper has been initialised
2020-10-07 22:10:557 INFO  CommonMethods:103 - Navigatition is sucessfull
2020-10-07 22:10:558 INFO  WebTablesObjectPage:50 - Navigating to WebTable page...
2020-10-07 22:10:705 INFO  WebTablesObjectPage:52 - Navigated to WebTable page
2020-10-07 22:10:758 INFO  TestBase:43 - **************verifyNewUserCanBeAddedOnWebTablePageStarted***************
2020-10-07 22:10:775 INFO  WebTablesObjectPage:67 - Adding new user with provided details
2020-10-07 22:10:898 INFO  WaitHelper:31 - WaitHelper object created..
2020-10-07 22:10:934 INFO  WaitHelper:156 - waiting for :[[ChromeDriver: chrome on WINDOWS (419cd03c6bd37ae4c9edd487f028afb9)] -> id: firstName] for :4 seconds
2020-10-07 22:10:79 INFO  WaitHelper:159 - element is visible now
2020-10-07 22:10:772 INFO  WebTablesObjectPage:78 - New user is added
2020-10-07 22:10:772 INFO  WebTablesObjectPage:88 - Serching string in serch box
2020-10-07 22:10:150 INFO  WebTablesObjectPage:108 - given  records is present
2020-10-07 22:10:162 INFO  TestBase:60 - **************verifyNewUserCanBeAddedOnWebTablePageFinished***************
2020-10-07 22:10:165 INFO  TestBase:43 - **************verifyAllDetailsOfAddedUserStarted***************
2020-10-07 22:10:167 INFO  WebTablesObjectPage:88 - Serching string in serch box
2020-10-07 22:10:366 INFO  WebTablesObjectPage:135 - Getting all details of required user...
2020-10-07 22:10:876 INFO  TestBase:60 - **************verifyAllDetailsOfAddedUserFinished***************
2020-10-07 22:10:878 INFO  TestBase:43 - **************verifyExistingUserDetailsCanBeEditedOnWebTablePageStarted***************
2020-10-07 22:10:881 INFO  WebTablesObjectPage:88 - Serching string in serch box
2020-10-07 22:10:213 INFO  WebTablesObjectPage:163 - Editing all fields of existing user...
2020-10-07 22:10:285 INFO  WaitHelper:31 - WaitHelper object created..
2020-10-07 22:10:303 INFO  WaitHelper:156 - waiting for :[[ChromeDriver: chrome on WINDOWS (419cd03c6bd37ae4c9edd487f028afb9)] -> id: firstName] for :4 seconds
2020-10-07 22:10:334 INFO  WaitHelper:159 - element is visible now
2020-10-07 22:10:149 INFO  WebTablesObjectPage:180 - Fields of user edited successfully
2020-10-07 22:10:149 INFO  WebTablesObjectPage:88 - Serching string in serch box
2020-10-07 22:10:429 INFO  WebTablesObjectPage:108 - given  records is present
2020-10-07 22:10:431 INFO  TestBase:60 - **************verifyExistingUserDetailsCanBeEditedOnWebTablePageFinished***************
2020-10-07 22:10:432 INFO  TestBase:43 - **************verifyAllDetailsOfEditedUserStarted***************
2020-10-07 22:10:433 INFO  WebTablesObjectPage:88 - Serching string in serch box
2020-10-07 22:10:627 INFO  WebTablesObjectPage:135 - Getting all details of required user...
2020-10-07 22:10:70 INFO  TestBase:60 - **************verifyAllDetailsOfEditedUserFinished***************
2020-10-07 22:10:71 INFO  TestBase:43 - **************verifyExistingUserCanBeDeletedOnWebTablePageStarted***************
2020-10-07 22:10:73 INFO  WebTablesObjectPage:189 - Deleting existing user...
2020-10-07 22:10:73 INFO  WebTablesObjectPage:88 - Serching string in serch box
2020-10-07 22:10:363 INFO  WebTablesObjectPage:192 - Existing user is deleted
2020-10-07 22:10:363 INFO  WebTablesObjectPage:88 - Serching string in serch box
2020-10-07 22:10:605 INFO  WebTablesObjectPage:112 - given  records is not present
2020-10-07 22:10:612 INFO  TestBase:60 - **************verifyExistingUserCanBeDeletedOnWebTablePageFinished***************
2021-05-01 12:05:101 INFO  PropertyFileHelper:20 - Initializing mentioned property file
2021-05-01 12:05:105 INFO  PropertyFileHelper:39 - Property file has been initialized
2021-05-01 12:05:105 INFO  PropertyFileHelper:50 - Getting value of key from property file
2021-05-01 12:05:106 INFO  PropertyFileHelper:52 - Value for provided key is  = https://demoqa.com/
2021-05-01 12:05:334 INFO  CommonMethods:100 - Navigating to required page...
2021-05-01 12:05:337 INFO  JavaScriptHelper:22 - JavaScriptHelper has been initialised
2021-05-01 12:05:484 INFO  CommonMethods:103 - Navigatition is sucessfull
2021-05-01 12:05:484 INFO  WebTablesObjectPage:50 - Navigating to WebTable page...
2021-05-01 12:05:791 INFO  WebTablesObjectPage:52 - Navigated to WebTable page
2021-05-01 12:05:837 INFO  TestBase:43 - **************verifyNewUserCanBeAddedOnWebTablePageStarted***************
2021-05-01 12:05:852 INFO  WebTablesObjectPage:67 - Adding new user with provided details
2021-05-01 12:05:237 INFO  WaitHelper:31 - WaitHelper object created..
2021-05-01 12:05:306 INFO  WaitHelper:156 - waiting for :[[ChromeDriver: chrome on WINDOWS (a1b26b8ccb8a9cd4d97d16ebfffd69eb)] -> id: firstName] for :4 seconds
2021-05-01 12:05:592 INFO  WaitHelper:159 - element is visible now
2021-05-01 12:05:295 INFO  WebTablesObjectPage:78 - New user is added
2021-05-01 12:05:296 INFO  WebTablesObjectPage:88 - Serching string in serch box
2021-05-01 12:05:929 INFO  WebTablesObjectPage:108 - given  records is present
2021-05-01 12:05:940 INFO  TestBase:60 - **************verifyNewUserCanBeAddedOnWebTablePageFinished***************
2021-05-01 12:05:947 INFO  TestBase:43 - **************verifyAllDetailsOfAddedUserStarted***************
2021-05-01 12:05:950 INFO  WebTablesObjectPage:88 - Serching string in serch box
2021-05-01 12:05:336 INFO  WebTablesObjectPage:135 - Getting all details of required user...
2021-05-01 12:05:649 INFO  WebTablesObjectPage:143 - All details of required user are returned 
2021-05-01 12:05:653 INFO  TestBase:60 - **************verifyAllDetailsOfAddedUserFinished***************
2021-05-01 12:05:655 INFO  TestBase:43 - **************verifyExistingUserDetailsCanBeEditedOnWebTablePageStarted***************
2021-05-01 12:05:658 INFO  WebTablesObjectPage:88 - Serching string in serch box
2021-05-01 12:05:35 INFO  WebTablesObjectPage:161 - Editing all fields of existing user...
2021-05-01 12:05:225 INFO  WaitHelper:31 - WaitHelper object created..
2021-05-01 12:05:264 INFO  WaitHelper:156 - waiting for :[[ChromeDriver: chrome on WINDOWS (a1b26b8ccb8a9cd4d97d16ebfffd69eb)] -> id: firstName] for :4 seconds
2021-05-01 12:05:372 INFO  WaitHelper:159 - element is visible now
2021-05-01 12:05:583 INFO  WebTablesObjectPage:178 - Fields of user edited successfully
2021-05-01 12:05:584 INFO  WebTablesObjectPage:88 - Serching string in serch box
2021-05-01 12:05:250 INFO  WebTablesObjectPage:108 - given  records is present
2021-05-01 12:05:256 INFO  TestBase:60 - **************verifyExistingUserDetailsCanBeEditedOnWebTablePageFinished***************
2021-05-01 12:05:265 INFO  TestBase:43 - **************verifyAllDetailsOfEditedUserStarted***************
2021-05-01 12:05:270 INFO  WebTablesObjectPage:88 - Serching string in serch box
2021-05-01 12:05:822 INFO  WebTablesObjectPage:135 - Getting all details of required user...
2021-05-01 12:05:109 INFO  WebTablesObjectPage:143 - All details of required user are returned 
2021-05-01 12:05:114 INFO  TestBase:60 - **************verifyAllDetailsOfEditedUserFinished***************
2021-05-01 12:05:123 INFO  TestBase:43 - **************verifyExistingUserCanBeDeletedOnWebTablePageStarted***************
2021-05-01 12:05:127 INFO  WebTablesObjectPage:187 - Deleting existing user...
2021-05-01 12:05:128 INFO  WebTablesObjectPage:88 - Serching string in serch box
2021-05-01 12:05:631 INFO  WebTablesObjectPage:190 - Existing user is deleted
2021-05-01 12:05:632 INFO  WebTablesObjectPage:88 - Serching string in serch box
2021-05-01 12:05:975 INFO  WebTablesObjectPage:112 - given  records is not present
2021-05-01 12:05:990 INFO  TestBase:60 - **************verifyExistingUserCanBeDeletedOnWebTablePageFinished***************
2021-05-01 12:05:221 INFO  PropertyFileHelper:20 - Initializing mentioned property file
2021-05-01 12:05:225 INFO  PropertyFileHelper:39 - Property file has been initialized
2021-05-01 12:05:680 INFO  PropertyFileHelper:20 - Initializing mentioned property file
2021-05-01 12:05:684 INFO  PropertyFileHelper:39 - Property file has been initialized
2021-05-01 12:05:477 INFO  PropertyFileHelper:50 - Getting value of key from property file
2021-05-01 12:05:478 INFO  PropertyFileHelper:52 - Value for provided key is  = https://demoqa.com/
2021-05-01 12:05:188 INFO  CommonMethods:100 - Navigating to required page...
2021-05-01 12:05:190 INFO  JavaScriptHelper:22 - JavaScriptHelper has been initialised
2021-05-01 12:05:306 INFO  CommonMethods:103 - Navigatition is sucessfull
2021-05-01 12:05:307 INFO  WebTablesObjectPage:50 - Navigating to WebTable page...
2021-05-01 12:05:574 INFO  WebTablesObjectPage:52 - Navigated to WebTable page
2021-05-01 12:05:609 INFO  TestBase:43 - **************verifyNewUserCanBeAddedOnWebTablePageStarted***************
2021-05-01 12:05:618 INFO  WebTablesObjectPage:67 - Adding new user with provided details
2021-05-01 12:05:827 INFO  WaitHelper:31 - WaitHelper object created..
2021-05-01 12:05:872 INFO  WaitHelper:156 - waiting for :[[ChromeDriver: chrome on WINDOWS (f4a071b3ae0fc27d1e141c4aab69e642)] -> id: firstName] for :4 seconds
2021-05-01 12:05:996 INFO  WaitHelper:159 - element is visible now
2021-05-01 12:05:75 INFO  WebTablesObjectPage:78 - New user is added
2021-05-01 12:05:76 INFO  WebTablesObjectPage:88 - Serching string in serch box
2021-05-01 12:05:731 INFO  WebTablesObjectPage:108 - given  records is present
2021-05-01 12:05:744 INFO  TestBase:60 - **************verifyNewUserCanBeAddedOnWebTablePageFinished***************
2021-05-01 12:05:752 INFO  TestBase:43 - **************verifyAllDetailsOfAddedUserStarted***************
2021-05-01 12:05:756 INFO  WebTablesObjectPage:88 - Serching string in serch box
2021-05-01 12:05:89 INFO  WebTablesObjectPage:135 - Getting all details of required user...
2021-05-01 12:05:411 INFO  WebTablesObjectPage:143 - All details of required user are returned 
2021-05-01 12:05:414 INFO  TestBase:60 - **************verifyAllDetailsOfAddedUserFinished***************
2021-05-01 12:05:416 INFO  TestBase:43 - **************verifyExistingUserDetailsCanBeEditedOnWebTablePageStarted***************
2021-05-01 12:05:419 INFO  WebTablesObjectPage:88 - Serching string in serch box
2021-05-01 12:05:792 INFO  WebTablesObjectPage:161 - Editing all fields of existing user...
2021-05-01 12:05:985 INFO  WaitHelper:31 - WaitHelper object created..
2021-05-01 12:05:36 INFO  WaitHelper:156 - waiting for :[[ChromeDriver: chrome on WINDOWS (f4a071b3ae0fc27d1e141c4aab69e642)] -> id: firstName] for :4 seconds
2021-05-01 12:05:121 INFO  WaitHelper:159 - element is visible now
2021-05-01 12:05:804 INFO  WebTablesObjectPage:178 - Fields of user edited successfully
2021-05-01 12:05:805 INFO  WebTablesObjectPage:88 - Serching string in serch box
2021-05-01 12:05:404 INFO  WebTablesObjectPage:108 - given  records is present
2021-05-01 12:05:411 INFO  TestBase:60 - **************verifyExistingUserDetailsCanBeEditedOnWebTablePageFinished***************
2021-05-01 12:05:418 INFO  TestBase:43 - **************verifyAllDetailsOfEditedUserStarted***************
2021-05-01 12:05:422 INFO  WebTablesObjectPage:88 - Serching string in serch box
2021-05-01 12:05:791 INFO  WebTablesObjectPage:135 - Getting all details of required user...
2021-05-01 12:05:90 INFO  WebTablesObjectPage:143 - All details of required user are returned 
2021-05-01 12:05:98 INFO  TestBase:60 - **************verifyAllDetailsOfEditedUserFinished***************
2021-05-01 12:05:101 INFO  TestBase:43 - **************verifyExistingUserCanBeDeletedOnWebTablePageStarted***************
2021-05-01 12:05:103 INFO  WebTablesObjectPage:187 - Deleting existing user...
2021-05-01 12:05:104 INFO  WebTablesObjectPage:88 - Serching string in serch box
2021-05-01 12:05:577 INFO  WebTablesObjectPage:190 - Existing user is deleted
2021-05-01 12:05:577 INFO  WebTablesObjectPage:88 - Serching string in serch box
2021-05-01 12:05:983 INFO  WebTablesObjectPage:112 - given  records is not present
2021-05-01 12:05:06 INFO  TestBase:60 - **************verifyExistingUserCanBeDeletedOnWebTablePageFinished***************
2021-05-01 12:05:314 INFO  PropertyFileHelper:20 - Initializing mentioned property file
2021-05-01 12:05:317 INFO  PropertyFileHelper:39 - Property file has been initialized
2021-05-01 12:05:395 INFO  PropertyFileHelper:50 - Getting value of key from property file
2021-05-01 12:05:396 INFO  PropertyFileHelper:52 - Value for provided key is  = https://demoqa.com/
2021-05-01 12:05:351 INFO  CommonMethods:100 - Navigating to required page...
2021-05-01 12:05:353 INFO  JavaScriptHelper:22 - JavaScriptHelper has been initialised
2021-05-01 12:05:451 INFO  CommonMethods:103 - Navigatition is sucessfull
2021-05-01 12:05:451 INFO  WebTablesObjectPage:50 - Navigating to WebTable page...
2021-05-01 12:05:620 INFO  WebTablesObjectPage:52 - Navigated to WebTable page
2021-05-01 12:05:661 INFO  TestBase:43 - **************verifyNewUserCanBeAddedOnWebTablePageStarted***************
2021-05-01 12:05:676 INFO  WebTablesObjectPage:67 - Adding new user with provided details
2021-05-01 12:05:797 INFO  WaitHelper:31 - WaitHelper object created..
2021-05-01 12:05:829 INFO  WaitHelper:156 - waiting for :[[ChromeDriver: chrome on WINDOWS (30d8512a0673cf5fa89cc102c9d4df2e)] -> id: firstName] for :4 seconds
2021-05-01 12:05:955 INFO  WaitHelper:159 - element is visible now
2021-05-01 12:05:711 INFO  WebTablesObjectPage:78 - New user is added
2021-05-01 12:05:712 INFO  WebTablesObjectPage:88 - Serching string in serch box
2021-05-01 12:05:57 INFO  WebTablesObjectPage:108 - given  records is present
2021-05-01 12:05:63 INFO  TestBase:60 - **************verifyNewUserCanBeAddedOnWebTablePageFinished***************
2021-05-01 12:05:69 INFO  TestBase:43 - **************verifyAllDetailsOfAddedUserStarted***************
2021-05-01 12:05:70 INFO  WebTablesObjectPage:88 - Serching string in serch box
2021-05-01 12:05:310 INFO  WebTablesObjectPage:135 - Getting all details of required user...
2021-05-01 12:05:529 INFO  WebTablesObjectPage:143 - All details of required user are returned 
2021-05-01 12:05:531 INFO  TestBase:60 - **************verifyAllDetailsOfAddedUserFinished***************
2021-05-01 12:05:532 INFO  TestBase:43 - **************verifyExistingUserDetailsCanBeEditedOnWebTablePageStarted***************
2021-05-01 12:05:981 INFO  WebTablesObjectPage:88 - Serching string in serch box
2021-05-01 12:05:273 INFO  WebTablesObjectPage:161 - Editing all fields of existing user...
2021-05-01 12:05:395 INFO  WaitHelper:31 - WaitHelper object created..
2021-05-01 12:05:415 INFO  WaitHelper:156 - waiting for :[[ChromeDriver: chrome on WINDOWS (30d8512a0673cf5fa89cc102c9d4df2e)] -> id: firstName] for :4 seconds
2021-05-01 12:05:459 INFO  WaitHelper:159 - element is visible now
2021-05-01 12:05:399 INFO  WebTablesObjectPage:178 - Fields of user edited successfully
2021-05-01 12:05:399 INFO  WebTablesObjectPage:88 - Serching string in serch box
2021-05-01 12:05:714 INFO  WebTablesObjectPage:108 - given  records is present
2021-05-01 12:05:717 INFO  TestBase:60 - **************verifyExistingUserDetailsCanBeEditedOnWebTablePageFinished***************
2021-05-01 12:05:718 INFO  TestBase:43 - **************verifyAllDetailsOfEditedUserStarted***************
2021-05-01 12:05:720 INFO  WebTablesObjectPage:88 - Serching string in serch box
2021-05-01 12:05:910 INFO  WebTablesObjectPage:135 - Getting all details of required user...
2021-05-01 12:05:88 INFO  WebTablesObjectPage:143 - All details of required user are returned 
2021-05-01 12:05:90 INFO  TestBase:60 - **************verifyAllDetailsOfEditedUserFinished***************
2021-05-01 12:05:90 INFO  TestBase:43 - **************verifyExistingUserCanBeDeletedOnWebTablePageStarted***************
2021-05-01 12:05:92 INFO  WebTablesObjectPage:187 - Deleting existing user...
2021-05-01 12:05:92 INFO  WebTablesObjectPage:88 - Serching string in serch box
2021-05-01 12:05:341 INFO  WebTablesObjectPage:190 - Existing user is deleted
2021-05-01 12:05:341 INFO  WebTablesObjectPage:88 - Serching string in serch box
2021-05-01 12:05:558 INFO  WebTablesObjectPage:112 - given  records is not present
2021-05-01 12:05:560 INFO  TestBase:60 - **************verifyExistingUserCanBeDeletedOnWebTablePageFinished***************
2021-05-01 12:05:516 INFO  PropertyFileHelper:20 - Initializing mentioned property file
2021-05-01 12:05:518 INFO  PropertyFileHelper:39 - Property file has been initialized
2021-05-01 12:05:608 INFO  PropertyFileHelper:50 - Getting value of key from property file
2021-05-01 12:05:609 INFO  PropertyFileHelper:52 - Value for provided key is  = https://demoqa.com/
2021-05-01 12:05:335 INFO  CommonMethods:100 - Navigating to required page...
2021-05-01 12:05:336 INFO  JavaScriptHelper:22 - JavaScriptHelper has been initialised
2021-05-01 13:05:386 INFO  TestBase:43 - **************simpleFromBStarted***************
2021-05-01 13:05:789 INFO  TestBase:60 - **************simpleFromBFinished***************
2021-05-01 13:05:791 INFO  TestBase:43 - **************simpleFromBBStarted***************
2021-05-01 13:05:795 INFO  TestBase:60 - **************simpleFromBBFinished***************
2021-05-01 13:05:95 INFO  TestBase:43 - **************simpleStarted***************
2021-05-01 13:05:351 INFO  TestBase:60 - **************simpleFinished***************
2021-05-01 13:05:352 INFO  TestBase:43 - **************simple1Started***************
2021-05-01 13:05:355 INFO  TestBase:60 - **************simple1Finished***************
2021-05-01 13:05:348 INFO  PropertyFileHelper:20 - Initializing mentioned property file
2021-05-01 13:05:352 INFO  PropertyFileHelper:39 - Property file has been initialized
2021-05-01 13:05:618 INFO  TestBase:43 - **************simpleFromBStarted***************
2021-05-01 13:05:129 INFO  TestBase:60 - **************simpleFromBFinished***************
2021-05-01 13:05:131 INFO  TestBase:43 - **************simpleFromBBStarted***************
2021-05-01 13:05:132 INFO  TestBase:60 - **************simpleFromBBFinished***************
2021-05-01 13:05:982 INFO  TestBase:43 - **************simpleStarted***************
2021-05-01 13:05:240 INFO  TestBase:60 - **************simpleFinished***************
2021-05-01 13:05:241 INFO  TestBase:43 - **************simple1Started***************
2021-05-01 13:05:243 INFO  TestBase:60 - **************simple1Finished***************
2021-05-01 13:05:159 INFO  PropertyFileHelper:50 - Getting value of key from property file
2021-05-01 13:05:159 INFO  PropertyFileHelper:52 - Value for provided key is  = https://demoqa.com/
2021-05-01 13:05:224 INFO  CommonMethods:100 - Navigating to required page...
2021-05-01 13:05:225 INFO  JavaScriptHelper:22 - JavaScriptHelper has been initialised
2021-05-01 13:05:332 INFO  CommonMethods:103 - Navigatition is sucessfull
2021-05-01 13:05:332 INFO  WebTablesObjectPage:50 - Navigating to WebTable page...
2021-05-01 13:05:490 INFO  WebTablesObjectPage:52 - Navigated to WebTable page
2021-05-01 13:05:492 INFO  TestBase:43 - **************verifyNewUserCanBeAddedOnWebTablePageStarted***************
2021-05-01 13:05:493 INFO  WebTablesObjectPage:67 - Adding new user with provided details
2021-05-01 13:05:668 INFO  WaitHelper:31 - WaitHelper object created..
2021-05-01 13:05:707 INFO  WaitHelper:156 - waiting for :[[ChromeDriver: chrome on WINDOWS (0e9f87144d807a276eb6286540bc9dab)] -> id: firstName] for :4 seconds
2021-05-01 13:05:817 INFO  WaitHelper:159 - element is visible now
2021-05-01 13:05:649 INFO  WebTablesObjectPage:78 - New user is added
2021-05-01 13:05:650 INFO  WebTablesObjectPage:88 - Serching string in serch box
2021-05-01 13:05:18 INFO  WebTablesObjectPage:108 - given  records is present
2021-05-01 13:05:19 INFO  TestBase:60 - **************verifyNewUserCanBeAddedOnWebTablePageFinished***************
2021-05-01 13:05:20 INFO  TestBase:43 - **************verifyAllDetailsOfAddedUserStarted***************
2021-05-01 13:05:21 INFO  WebTablesObjectPage:88 - Serching string in serch box
2021-05-01 13:05:237 INFO  WebTablesObjectPage:135 - Getting all details of required user...
2021-05-01 13:05:464 INFO  WebTablesObjectPage:143 - All details of required user are returned 
2021-05-01 13:05:465 INFO  TestBase:60 - **************verifyAllDetailsOfAddedUserFinished***************
2021-05-01 13:05:466 INFO  TestBase:43 - **************verifyExistingUserDetailsCanBeEditedOnWebTablePageStarted***************
2021-05-01 13:05:466 INFO  WebTablesObjectPage:88 - Serching string in serch box
2021-05-01 13:05:665 INFO  WebTablesObjectPage:161 - Editing all fields of existing user...
2021-05-01 13:05:730 INFO  WaitHelper:31 - WaitHelper object created..
2021-05-01 13:05:753 INFO  WaitHelper:156 - waiting for :[[ChromeDriver: chrome on WINDOWS (0e9f87144d807a276eb6286540bc9dab)] -> id: firstName] for :4 seconds
2021-05-01 13:05:772 INFO  WaitHelper:159 - element is visible now
2021-05-01 13:05:847 INFO  WebTablesObjectPage:178 - Fields of user edited successfully
2021-05-01 13:05:847 INFO  WebTablesObjectPage:88 - Serching string in serch box
2021-05-01 13:05:115 INFO  WebTablesObjectPage:108 - given  records is present
2021-05-01 13:05:116 INFO  TestBase:60 - **************verifyExistingUserDetailsCanBeEditedOnWebTablePageFinished***************
2021-05-01 13:05:117 INFO  TestBase:43 - **************verifyAllDetailsOfEditedUserStarted***************
2021-05-01 13:05:117 INFO  WebTablesObjectPage:88 - Serching string in serch box
2021-05-01 13:05:309 INFO  WebTablesObjectPage:135 - Getting all details of required user...
2021-05-01 13:05:507 INFO  WebTablesObjectPage:143 - All details of required user are returned 
2021-05-01 13:05:507 INFO  TestBase:60 - **************verifyAllDetailsOfEditedUserFinished***************
2021-05-01 13:05:508 INFO  TestBase:43 - **************verifyExistingUserCanBeDeletedOnWebTablePageStarted***************
2021-05-01 13:05:509 INFO  WebTablesObjectPage:187 - Deleting existing user...
2021-05-01 13:05:509 INFO  WebTablesObjectPage:88 - Serching string in serch box
2021-05-01 13:05:787 INFO  WebTablesObjectPage:190 - Existing user is deleted
2021-05-01 13:05:787 INFO  WebTablesObjectPage:88 - Serching string in serch box
2021-05-01 13:05:24 INFO  WebTablesObjectPage:112 - given  records is not present
2021-05-01 13:05:25 INFO  TestBase:60 - **************verifyExistingUserCanBeDeletedOnWebTablePageFinished***************
2021-05-01 20:05:96 INFO  TestBase:43 - **************simpleStarted***************
2021-05-01 20:05:278 INFO  TestBase:60 - **************simpleFinished***************
2021-05-01 20:05:286 INFO  TestBase:43 - **************simple1Started***************
2021-05-01 20:05:296 INFO  TestBase:60 - **************simple1Finished***************
2021-05-02 13:05:731 INFO  PropertyFileHelper:20 - Initializing mentioned property file
2021-05-02 13:05:734 INFO  PropertyFileHelper:39 - Property file has been initialized
2021-05-02 13:05:757 INFO  PropertyFileHelper:50 - Getting value of key from property file
2021-05-02 13:05:759 INFO  PropertyFileHelper:52 - Value for provided key is  = https://demoqa.com/
2021-05-02 13:05:540 INFO  TestBase:59 - **************verfiyNavigationToWebTablePageAndInitialiseDataStarted***************
2021-05-02 13:05:569 INFO  WebTablesPage:65 - Navigating to WebTable page...
2021-05-02 13:05:981 INFO  TestBase:68 - verfiyNavigationToWebTablePageAndInitialiseData is Fail
2021-05-02 13:05:982 INFO  TestBase:81 - **************verfiyNavigationToWebTablePageAndInitialiseDataFinished***************
2021-05-02 13:05:986 INFO  TestBase:59 - **************verifyNewUserCanBeAddedOnWebTablePageStarted***************
2021-05-02 13:05:987 INFO  WebTablesPage:82 - Adding new user with provided details
2021-05-02 13:05:263 INFO  TestBase:68 - verifyNewUserCanBeAddedOnWebTablePage is Fail
2021-05-02 13:05:263 INFO  TestBase:81 - **************verifyNewUserCanBeAddedOnWebTablePageFinished***************
2021-05-02 13:05:265 INFO  TestBase:59 - **************verifyAllDetailsOfAddedUserStarted***************
2021-05-02 13:05:267 INFO  WebTablesPage:103 - Serching string in serch box
2021-05-02 13:05:586 INFO  TestBase:68 - verifyAllDetailsOfAddedUser is Fail
2021-05-02 13:05:586 INFO  TestBase:81 - **************verifyAllDetailsOfAddedUserFinished***************
2021-05-02 13:05:589 INFO  TestBase:59 - **************verifyExistingUserDetailsCanBeEditedOnWebTablePageStarted***************
2021-05-02 13:05:590 INFO  WebTablesPage:103 - Serching string in serch box
2021-05-02 13:05:959 INFO  TestBase:68 - verifyExistingUserDetailsCanBeEditedOnWebTablePage is Fail
2021-05-02 13:05:960 INFO  TestBase:81 - **************verifyExistingUserDetailsCanBeEditedOnWebTablePageFinished***************
2021-05-02 13:05:961 INFO  TestBase:59 - **************verifyAllDetailsOfEditedUserStarted***************
2021-05-02 13:05:965 INFO  WebTablesPage:103 - Serching string in serch box
2021-05-02 13:05:285 INFO  TestBase:68 - verifyAllDetailsOfEditedUser is Fail
2021-05-02 13:05:286 INFO  TestBase:81 - **************verifyAllDetailsOfEditedUserFinished***************
2021-05-02 13:05:287 INFO  TestBase:59 - **************verifyExistingUserCanBeDeletedOnWebTablePageStarted***************
2021-05-02 13:05:288 INFO  WebTablesPage:193 - Deleting existing user...
2021-05-02 13:05:289 INFO  WebTablesPage:103 - Serching string in serch box
2021-05-02 13:05:633 INFO  TestBase:68 - verifyExistingUserCanBeDeletedOnWebTablePage is Fail
2021-05-02 13:05:634 INFO  TestBase:81 - **************verifyExistingUserCanBeDeletedOnWebTablePageFinished***************
2021-05-02 13:05:424 INFO  PropertyFileHelper:20 - Initializing mentioned property file
2021-05-02 13:05:427 INFO  PropertyFileHelper:39 - Property file has been initialized
2021-05-02 13:05:952 INFO  PropertyFileHelper:50 - Getting value of key from property file
2021-05-02 13:05:952 INFO  PropertyFileHelper:52 - Value for provided key is  = https://demoqa.com/
2021-05-02 13:05:197 INFO  TestBase:59 - **************verfiyNavigationToWebTablePageAndInitialiseDataStarted***************
2021-05-02 13:05:206 INFO  CommonMethods:105 - Navigating to required page...= Elements
2021-05-02 13:05:209 INFO  JavaScriptHelper:22 - JavaScriptHelper has been initialised
2021-05-02 13:05:308 INFO  CommonMethods:108 - Navigatition is sucessfull
2021-05-02 13:05:309 INFO  WebTablesPage:65 - Navigating to WebTable page...
2021-05-02 13:05:501 INFO  WebTablesPage:67 - Navigated to WebTable page
2021-05-02 13:05:516 INFO  TestBase:72 - verfiyNavigationToWebTablePageAndInitialiseData is pass
2021-05-02 13:05:517 INFO  TestBase:81 - **************verfiyNavigationToWebTablePageAndInitialiseDataFinished***************
2021-05-02 13:05:531 INFO  TestBase:59 - **************verifyNewUserCanBeAddedOnWebTablePageStarted***************
2021-05-02 13:05:533 INFO  WebTablesPage:82 - Adding new user with provided details
2021-05-02 13:05:661 INFO  WaitHelper:27 - WaitHelper object created..
2021-05-02 13:05:696 INFO  WaitHelper:152 - waiting for :[[ChromeDriver: chrome on WINDOWS (8a07371b27a835abbb3bdb97206a7744)] -> id: firstName] for :4 seconds
2021-05-02 13:05:369 INFO  WaitHelper:155 - element is visible now
2021-05-02 13:05:559 INFO  WebTablesPage:93 - New user is added
2021-05-02 13:05:560 INFO  WebTablesPage:103 - Serching string in serch box
2021-05-02 13:05:110 INFO  WebTablesPage:123 - given  records is present
2021-05-02 13:05:112 INFO  TestBase:72 - verifyNewUserCanBeAddedOnWebTablePage is pass
2021-05-02 13:05:113 INFO  TestBase:81 - **************verifyNewUserCanBeAddedOnWebTablePageFinished***************
2021-05-02 13:05:116 INFO  TestBase:59 - **************verifyAllDetailsOfAddedUserStarted***************
2021-05-02 13:05:118 INFO  WebTablesPage:103 - Serching string in serch box
2021-05-02 13:05:464 INFO  WebTablesPage:141 - Getting all details of required user...
2021-05-02 13:05:723 INFO  WebTablesPage:149 - All details of required user are returned 
2021-05-02 13:05:725 INFO  TestBase:72 - verifyAllDetailsOfAddedUser is pass
2021-05-02 13:05:726 INFO  TestBase:81 - **************verifyAllDetailsOfAddedUserFinished***************
2021-05-02 13:05:728 INFO  TestBase:59 - **************verifyExistingUserDetailsCanBeEditedOnWebTablePageStarted***************
2021-05-02 13:05:730 INFO  WebTablesPage:103 - Serching string in serch box
2021-05-02 13:05:83 INFO  WebTablesPage:167 - Editing all fields of existing user...
2021-05-02 13:05:195 INFO  WaitHelper:27 - WaitHelper object created..
2021-05-02 13:05:257 INFO  WaitHelper:152 - waiting for :[[ChromeDriver: chrome on WINDOWS (8a07371b27a835abbb3bdb97206a7744)] -> id: firstName] for :4 seconds
2021-05-02 13:05:301 INFO  WaitHelper:155 - element is visible now
2021-05-02 13:05:983 INFO  WebTablesPage:184 - Fields of user edited successfully
2021-05-02 13:05:984 INFO  WebTablesPage:103 - Serching string in serch box
2021-05-02 13:05:410 INFO  WebTablesPage:123 - given  records is present
2021-05-02 13:05:412 INFO  TestBase:72 - verifyExistingUserDetailsCanBeEditedOnWebTablePage is pass
2021-05-02 13:05:413 INFO  TestBase:81 - **************verifyExistingUserDetailsCanBeEditedOnWebTablePageFinished***************
2021-05-02 13:05:414 INFO  TestBase:59 - **************verifyAllDetailsOfEditedUserStarted***************
2021-05-02 13:05:415 INFO  WebTablesPage:103 - Serching string in serch box
2021-05-02 13:05:753 INFO  WebTablesPage:141 - Getting all details of required user...
2021-05-02 13:05:77 INFO  WebTablesPage:149 - All details of required user are returned 
2021-05-02 13:05:82 INFO  TestBase:72 - verifyAllDetailsOfEditedUser is pass
2021-05-02 13:05:83 INFO  TestBase:81 - **************verifyAllDetailsOfEditedUserFinished***************
2021-05-02 13:05:85 INFO  TestBase:59 - **************verifyExistingUserCanBeDeletedOnWebTablePageStarted***************
2021-05-02 13:05:87 INFO  WebTablesPage:193 - Deleting existing user...
2021-05-02 13:05:87 INFO  WebTablesPage:103 - Serching string in serch box
2021-05-02 13:05:463 INFO  WebTablesPage:196 - Existing user is deleted
2021-05-02 13:05:463 INFO  WebTablesPage:103 - Serching string in serch box
2021-05-02 13:05:784 INFO  WebTablesPage:126 - given  records is not present
2021-05-02 13:05:789 INFO  TestBase:72 - verifyExistingUserCanBeDeletedOnWebTablePage is pass
2021-05-02 13:05:791 INFO  TestBase:81 - **************verifyExistingUserCanBeDeletedOnWebTablePageFinished***************
2021-05-02 14:05:244 INFO  PropertyFileHelper:20 - Initializing mentioned property file
2021-05-02 14:05:247 INFO  PropertyFileHelper:39 - Property file has been initialized
2021-05-02 14:05:431 INFO  PropertyFileHelper:20 - Initializing mentioned property file
2021-05-02 14:05:433 INFO  PropertyFileHelper:39 - Property file has been initialized
2021-05-02 14:05:87 INFO  PropertyFileHelper:50 - Getting value of key from property file
2021-05-02 14:05:87 INFO  PropertyFileHelper:52 - Value for provided key is  = https://demoqa.com/
2021-05-02 14:05:21 INFO  TestBase:59 - **************verfiyNavigationToWebTablePageAndInitialiseDataStarted***************
2021-05-02 14:05:53 INFO  CommonMethods:105 - Navigating to required page...= Elements
2021-05-02 14:05:56 INFO  JavaScriptHelper:22 - JavaScriptHelper has been initialised
2021-05-02 14:05:170 INFO  CommonMethods:108 - Navigatition is sucessfull
2021-05-02 14:05:170 INFO  WebTablesPage:70 - Navigating to WebTable page...
2021-05-02 14:05:342 INFO  WebTablesPage:72 - Navigated to WebTable page
2021-05-02 14:05:352 INFO  TestBase:72 - verfiyNavigationToWebTablePageAndInitialiseData is pass
2021-05-02 14:05:353 INFO  TestBase:81 - **************verfiyNavigationToWebTablePageAndInitialiseDataFinished***************
2021-05-02 14:05:357 INFO  TestBase:59 - **************verifyNewUserCanBeAddedOnWebTablePageStarted***************
2021-05-02 14:05:361 INFO  WebTablesPage:87 - Adding new user with provided details
2021-05-02 14:05:481 INFO  WaitHelper:27 - WaitHelper object created..
2021-05-02 14:05:502 INFO  WaitHelper:152 - waiting for :[[ChromeDriver: chrome on WINDOWS (98330706182a21598ba31bf50d7dd784)] -> id: firstName] for :4 seconds
2021-05-02 14:05:199 INFO  WaitHelper:155 - element is visible now
2021-05-02 14:05:493 INFO  WebTablesPage:98 - New user is added
2021-05-02 14:05:494 INFO  WebTablesPage:108 - Serching string in serch box
2021-05-02 14:05:159 INFO  WebTablesPage:128 - given  records is present
2021-05-02 14:05:161 INFO  TestBase:72 - verifyNewUserCanBeAddedOnWebTablePage is pass
2021-05-02 14:05:162 INFO  TestBase:81 - **************verifyNewUserCanBeAddedOnWebTablePageFinished***************
2021-05-02 14:05:166 INFO  TestBase:59 - **************verifyAllDetailsOfAddedUserStarted***************
2021-05-02 14:05:168 INFO  WebTablesPage:108 - Serching string in serch box
2021-05-02 14:05:526 INFO  WebTablesPage:146 - Getting all details of required user...
2021-05-02 14:05:762 INFO  WebTablesPage:154 - All details of required user are returned 
2021-05-02 14:05:764 INFO  TestBase:72 - verifyAllDetailsOfAddedUser is pass
2021-05-02 14:05:765 INFO  TestBase:81 - **************verifyAllDetailsOfAddedUserFinished***************
2021-05-02 14:05:767 INFO  TestBase:59 - **************verifyExistingUserDetailsCanBeEditedOnWebTablePageStarted***************
2021-05-02 14:05:769 INFO  WebTablesPage:108 - Serching string in serch box
2021-05-02 14:05:150 INFO  WebTablesPage:172 - Editing all fields of existing user...
2021-05-02 14:05:312 INFO  WaitHelper:27 - WaitHelper object created..
2021-05-02 14:05:338 INFO  WaitHelper:152 - waiting for :[[ChromeDriver: chrome on WINDOWS (98330706182a21598ba31bf50d7dd784)] -> id: firstName] for :4 seconds
2021-05-02 14:05:388 INFO  WaitHelper:155 - element is visible now
2021-05-02 14:05:104 INFO  WebTablesPage:189 - Fields of user edited successfully
2021-05-02 14:05:105 INFO  WebTablesPage:108 - Serching string in serch box
2021-05-02 14:05:581 INFO  WebTablesPage:128 - given  records is present
2021-05-02 14:05:583 INFO  TestBase:72 - verifyExistingUserDetailsCanBeEditedOnWebTablePage is pass
2021-05-02 14:05:584 INFO  TestBase:81 - **************verifyExistingUserDetailsCanBeEditedOnWebTablePageFinished***************
2021-05-02 14:05:586 INFO  TestBase:59 - **************verifyAllDetailsOfEditedUserStarted***************
2021-05-02 14:05:587 INFO  WebTablesPage:108 - Serching string in serch box
2021-05-02 14:05:859 INFO  WebTablesPage:146 - Getting all details of required user...
2021-05-02 14:05:88 INFO  WebTablesPage:154 - All details of required user are returned 
2021-05-02 14:05:90 INFO  TestBase:72 - verifyAllDetailsOfEditedUser is pass
2021-05-02 14:05:90 INFO  TestBase:81 - **************verifyAllDetailsOfEditedUserFinished***************
2021-05-02 14:05:91 INFO  TestBase:59 - **************verifyExistingUserCanBeDeletedOnWebTablePageStarted***************
2021-05-02 14:05:92 INFO  WebTablesPage:198 - Deleting existing user...
2021-05-02 14:05:93 INFO  WebTablesPage:108 - Serching string in serch box
2021-05-02 14:05:487 INFO  WebTablesPage:201 - Existing user is deleted
2021-05-02 14:05:487 INFO  WebTablesPage:108 - Serching string in serch box
2021-05-02 14:05:843 INFO  WebTablesPage:131 - given  records is not present
2021-05-02 14:05:847 INFO  TestBase:72 - verifyExistingUserCanBeDeletedOnWebTablePage is pass
2021-05-02 14:05:847 INFO  TestBase:81 - **************verifyExistingUserCanBeDeletedOnWebTablePageFinished***************
2021-05-02 20:05:446 INFO  PropertyFileHelper:20 - Initializing mentioned property file
2021-05-02 20:05:448 INFO  PropertyFileHelper:39 - Property file has been initialized
2021-05-02 20:05:246 INFO  PropertyFileHelper:50 - Getting value of key from property file
2021-05-02 20:05:246 INFO  PropertyFileHelper:52 - Value for provided key is  = https://demoqa.com/
2021-05-02 20:05:531 INFO  TestBase:59 - **************verfiyNavigationToWebTablePageAndInitialiseDataStarted***************
2021-05-02 20:05:546 INFO  CommonMethods:105 - Navigating to required page...= Elements
2021-05-02 20:05:548 INFO  JavaScriptHelper:22 - JavaScriptHelper has been initialised
2021-05-02 20:05:691 INFO  CommonMethods:108 - Navigatition is sucessfull
2021-05-02 20:05:692 INFO  WebTablesPage:70 - Navigating to WebTable page...
2021-05-02 20:05:929 INFO  WebTablesPage:72 - Navigated to WebTable page
2021-05-02 20:05:947 INFO  TestBase:72 - verfiyNavigationToWebTablePageAndInitialiseData is pass
2021-05-02 20:05:948 INFO  TestBase:81 - **************verfiyNavigationToWebTablePageAndInitialiseDataFinished***************
2021-05-02 20:05:952 INFO  TestBase:59 - **************verifyNewUserCanBeAddedOnWebTablePageStarted***************
2021-05-02 20:05:954 INFO  WebTablesPage:87 - Adding new user with provided details
2021-05-02 20:05:92 INFO  WaitHelper:27 - WaitHelper object created..
2021-05-02 20:05:118 INFO  WaitHelper:152 - waiting for :[[ChromeDriver: chrome on WINDOWS (1f59abc5aa5dbdc005ae5b323f57871e)] -> id: firstName] for :4 seconds
2021-05-02 20:05:799 INFO  WaitHelper:155 - element is visible now
2021-05-02 20:05:231 INFO  WebTablesPage:98 - New user is added
2021-05-02 20:05:231 INFO  WebTablesPage:108 - Serching string in serch box
2021-05-02 20:05:845 INFO  WebTablesPage:128 - given  records is present
2021-05-02 20:05:847 INFO  TestBase:72 - verifyNewUserCanBeAddedOnWebTablePage is pass
2021-05-02 20:05:848 INFO  TestBase:81 - **************verifyNewUserCanBeAddedOnWebTablePageFinished***************
2021-05-02 20:05:852 INFO  TestBase:59 - **************verifyAllDetailsOfAddedUserStarted***************
2021-05-02 20:05:858 INFO  WebTablesPage:108 - Serching string in serch box
2021-05-02 20:05:158 INFO  WebTablesPage:146 - Getting all details of required user...
2021-05-02 20:05:366 INFO  WebTablesPage:154 - All details of required user are returned 
2021-05-02 20:05:368 INFO  TestBase:72 - verifyAllDetailsOfAddedUser is pass
2021-05-02 20:05:369 INFO  TestBase:81 - **************verifyAllDetailsOfAddedUserFinished***************
2021-05-02 20:05:371 INFO  TestBase:59 - **************verifyExistingUserDetailsCanBeEditedOnWebTablePageStarted***************
2021-05-02 20:05:372 INFO  WebTablesPage:108 - Serching string in serch box
2021-05-02 20:05:709 INFO  WebTablesPage:172 - Editing all fields of existing user...
2021-05-02 20:05:897 INFO  WaitHelper:27 - WaitHelper object created..
2021-05-02 20:05:916 INFO  WaitHelper:152 - waiting for :[[ChromeDriver: chrome on WINDOWS (1f59abc5aa5dbdc005ae5b323f57871e)] -> id: firstName] for :4 seconds
2021-05-02 20:05:983 INFO  WaitHelper:155 - element is visible now
2021-05-02 20:05:706 INFO  WebTablesPage:189 - Fields of user edited successfully
2021-05-02 20:05:709 INFO  WebTablesPage:108 - Serching string in serch box
2021-05-02 20:05:180 INFO  WebTablesPage:128 - given  records is present
2021-05-02 20:05:185 INFO  TestBase:72 - verifyExistingUserDetailsCanBeEditedOnWebTablePage is pass
2021-05-02 20:05:186 INFO  TestBase:81 - **************verifyExistingUserDetailsCanBeEditedOnWebTablePageFinished***************
2021-05-02 20:05:188 INFO  TestBase:59 - **************verifyAllDetailsOfEditedUserStarted***************
2021-05-02 20:05:189 INFO  WebTablesPage:108 - Serching string in serch box
2021-05-02 20:05:460 INFO  WebTablesPage:146 - Getting all details of required user...
2021-05-02 20:05:664 INFO  WebTablesPage:154 - All details of required user are returned 
2021-05-02 20:05:665 INFO  TestBase:72 - verifyAllDetailsOfEditedUser is pass
2021-05-02 20:05:666 INFO  TestBase:81 - **************verifyAllDetailsOfEditedUserFinished***************
2021-05-02 20:05:667 INFO  TestBase:59 - **************verifyExistingUserCanBeDeletedOnWebTablePageStarted***************
2021-05-02 20:05:669 INFO  WebTablesPage:198 - Deleting existing user...
2021-05-02 20:05:669 INFO  WebTablesPage:108 - Serching string in serch box
2021-05-02 20:05:114 INFO  WebTablesPage:201 - Existing user is deleted
2021-05-02 20:05:114 INFO  WebTablesPage:108 - Serching string in serch box
2021-05-02 20:05:433 INFO  WebTablesPage:131 - given  records is not present
2021-05-02 20:05:438 INFO  TestBase:72 - verifyExistingUserCanBeDeletedOnWebTablePage is pass
2021-05-02 20:05:439 INFO  TestBase:81 - **************verifyExistingUserCanBeDeletedOnWebTablePageFinished***************
2021-05-02 20:05:320 INFO  PropertyFileHelper:20 - Initializing mentioned property file
2021-05-02 20:05:322 INFO  PropertyFileHelper:39 - Property file has been initialized
2021-05-02 20:05:410 INFO  PropertyFileHelper:50 - Getting value of key from property file
2021-05-02 20:05:411 INFO  PropertyFileHelper:52 - Value for provided key is  = https://demoqa.com/
2021-05-02 20:05:277 INFO  TestBase:59 - **************verfiyNavigationToWebTablePageAndInitialiseDataStarted***************
2021-05-02 20:05:302 INFO  CommonMethods:105 - Navigating to required page...= Elements
2021-05-02 20:05:308 INFO  JavaScriptHelper:22 - JavaScriptHelper has been initialised
2021-05-02 20:05:441 INFO  CommonMethods:108 - Navigatition is sucessfull
2021-05-02 20:05:442 INFO  WebTablesPage:70 - Navigating to WebTable page...
2021-05-02 20:05:651 INFO  WebTablesPage:72 - Navigated to WebTable page
2021-05-02 20:05:663 INFO  TestBase:72 - verfiyNavigationToWebTablePageAndInitialiseData is pass
2021-05-02 20:05:664 INFO  TestBase:81 - **************verfiyNavigationToWebTablePageAndInitialiseDataFinished***************
2021-05-02 20:05:669 INFO  TestBase:59 - **************verifyNewUserCanBeAddedOnWebTablePageStarted***************
2021-05-02 20:05:671 INFO  WebTablesPage:87 - Adding new user with provided details
2021-05-02 20:05:848 INFO  WaitHelper:27 - WaitHelper object created..
2021-05-02 20:05:867 INFO  WaitHelper:152 - waiting for :[[ChromeDriver: chrome on WINDOWS (f0adf6b2f3bd95c4e9c1080ebe48ff38)] -> id: firstName] for :4 seconds
2021-05-02 20:05:514 INFO  WaitHelper:155 - element is visible now
2021-05-02 20:05:314 INFO  WebTablesPage:98 - New user is added
2021-05-02 20:05:314 INFO  WebTablesPage:108 - Serching string in serch box
2021-05-02 20:05:780 INFO  WebTablesPage:128 - given  records is present
2021-05-02 20:05:782 INFO  TestBase:72 - verifyNewUserCanBeAddedOnWebTablePage is pass
2021-05-02 20:05:783 INFO  TestBase:81 - **************verifyNewUserCanBeAddedOnWebTablePageFinished***************
2021-05-02 20:05:788 INFO  TestBase:59 - **************verifyAllDetailsOfAddedUserStarted***************
2021-05-02 20:05:793 INFO  WebTablesPage:108 - Serching string in serch box
2021-05-02 20:05:49 INFO  WebTablesPage:146 - Getting all details of required user...
2021-05-02 20:05:272 INFO  WebTablesPage:154 - All details of required user are returned 
2021-05-02 20:05:274 INFO  TestBase:72 - verifyAllDetailsOfAddedUser is pass
2021-05-02 20:05:275 INFO  TestBase:81 - **************verifyAllDetailsOfAddedUserFinished***************
2021-05-02 20:05:277 INFO  TestBase:59 - **************verifyExistingUserDetailsCanBeEditedOnWebTablePageStarted***************
2021-05-02 20:05:278 INFO  WebTablesPage:108 - Serching string in serch box
2021-05-02 20:05:573 INFO  WebTablesPage:172 - Editing all fields of existing user...
2021-05-02 20:05:685 INFO  WaitHelper:27 - WaitHelper object created..
2021-05-02 20:05:702 INFO  WaitHelper:152 - waiting for :[[ChromeDriver: chrome on WINDOWS (f0adf6b2f3bd95c4e9c1080ebe48ff38)] -> id: firstName] for :4 seconds
2021-05-02 20:05:733 INFO  WaitHelper:155 - element is visible now
2021-05-02 20:05:837 INFO  WebTablesPage:189 - Fields of user edited successfully
2021-05-02 20:05:838 INFO  WebTablesPage:108 - Serching string in serch box
2021-05-02 20:05:224 INFO  WebTablesPage:128 - given  records is present
2021-05-02 20:05:227 INFO  TestBase:72 - verifyExistingUserDetailsCanBeEditedOnWebTablePage is pass
2021-05-02 20:05:227 INFO  TestBase:81 - **************verifyExistingUserDetailsCanBeEditedOnWebTablePageFinished***************
2021-05-02 20:05:229 INFO  TestBase:59 - **************verifyAllDetailsOfEditedUserStarted***************
2021-05-02 20:05:230 INFO  WebTablesPage:108 - Serching string in serch box
2021-05-02 20:05:490 INFO  WebTablesPage:146 - Getting all details of required user...
2021-05-02 20:05:681 INFO  WebTablesPage:154 - All details of required user are returned 
2021-05-02 20:05:684 INFO  TestBase:72 - verifyAllDetailsOfEditedUser is pass
2021-05-02 20:05:684 INFO  TestBase:81 - **************verifyAllDetailsOfEditedUserFinished***************
2021-05-02 20:05:686 INFO  TestBase:59 - **************verifyExistingUserCanBeDeletedOnWebTablePageStarted***************
2021-05-02 20:05:688 INFO  WebTablesPage:198 - Deleting existing user...
2021-05-02 20:05:688 INFO  WebTablesPage:108 - Serching string in serch box
2021-05-02 20:05:17 INFO  WebTablesPage:201 - Existing user is deleted
2021-05-02 20:05:17 INFO  WebTablesPage:108 - Serching string in serch box
2021-05-02 20:05:320 INFO  WebTablesPage:131 - given  records is not present
2021-05-02 20:05:329 INFO  TestBase:72 - verifyExistingUserCanBeDeletedOnWebTablePage is pass
2021-05-02 20:05:331 INFO  TestBase:81 - **************verifyExistingUserCanBeDeletedOnWebTablePageFinished***************
